<?xml version="1.0" encoding="UTF-8"?>
<testsuite xmlns:xsi="http://www.w3.org/2001/XMLSchema-instance" xsi:noNamespaceSchemaLocation="https://maven.apache.org/surefire/maven-surefire-plugin/xsd/surefire-test-report-3.0.xsd" version="3.0" name="com.cmpe202.individualproject.reader.JSONReaderTest" time="0.144" tests="1" errors="0" skipped="0" failures="0">
  <properties>
[...]
</properties>
  <testcase name="checkReadJson" classname="com.cmpe202.individualproject.reader.JSONReaderTest" time="0.14">
    <system-out><![CDATA[[{"cardHolderName":"John Doe","cardNumber":"5567894523129089","expirationDate":"08\/26"},{"cardHolderName":"Lisa Claire","cardNumber":"59012345678901234567890","expirationDate":"10\/24"},{"cardHolderName":"Martha Clark","cardNumber":"4123456789123","expirationDate":"04\/26"},{"cardHolderName":"Jane S. Dayton","cardNumber":"347856341908126","expirationDate":"03\/23"},{"cardHolderName":"John Doe","cardNumber":"6011111100007756","expirationDate":"02\/24"},{"cardHolderName":"Lara Wayne","cardNumber":"3601112345678789","expirationDate":"06\/24"},{"cardHolderName":"John Doe","cardNumber":"5167894523129089","expirationDate":"08\/26"},{"cardHolderName":"Jane Dayton","cardNumber":"4123456789123999","expirationDate":"03\/23"},{"cardHolderName":"Martha Clark","cardNumber":"377856341908126","expirationDate":"03\/25"},{"cardHolderName":"John Doe","cardNumber":"5367894523129089","expirationDate":"08\/25"},{"cardHolderName":"Jill Davis","cardNumber":"6011*890HJrt6789","expirationDate":"05\/25"},{"cardHolderName":"John Doe","expirationDate":"08\/26"}]
{"cardHolderName":"John Doe","cardNumber":"5567894523129089","expirationDate":"08\/26"}
"John Doe"
"5567894523129089"
"08/26"
John Doe 16 ------- 5567894523129089 08/26
{"cardHolderName":"Lisa Claire","cardNumber":"59012345678901234567890","expirationDate":"10\/24"}
"Lisa Claire"
"59012345678901234567890"
"10/24"
Lisa Claire 23 ------- 59012345678901234567890 10/24
{"cardHolderName":"Martha Clark","cardNumber":"4123456789123","expirationDate":"04\/26"}
"Martha Clark"
"4123456789123"
"04/26"
Martha Clark 13 ------- 4123456789123 04/26
{"cardHolderName":"Jane S. Dayton","cardNumber":"347856341908126","expirationDate":"03\/23"}
"Jane S. Dayton"
"347856341908126"
"03/23"
Jane S. Dayton 15 ------- 347856341908126 03/23
{"cardHolderName":"John Doe","cardNumber":"6011111100007756","expirationDate":"02\/24"}
"John Doe"
"6011111100007756"
"02/24"
John Doe 16 ------- 6011111100007756 02/24
{"cardHolderName":"Lara Wayne","cardNumber":"3601112345678789","expirationDate":"06\/24"}
"Lara Wayne"
"3601112345678789"
"06/24"
Lara Wayne 16 ------- 3601112345678789 06/24
{"cardHolderName":"John Doe","cardNumber":"5167894523129089","expirationDate":"08\/26"}
"John Doe"
"5167894523129089"
"08/26"
John Doe 16 ------- 5167894523129089 08/26
{"cardHolderName":"Jane Dayton","cardNumber":"4123456789123999","expirationDate":"03\/23"}
"Jane Dayton"
"4123456789123999"
"03/23"
Jane Dayton 16 ------- 4123456789123999 03/23
{"cardHolderName":"Martha Clark","cardNumber":"377856341908126","expirationDate":"03\/25"}
"Martha Clark"
"377856341908126"
"03/25"
Martha Clark 15 ------- 377856341908126 03/25
{"cardHolderName":"John Doe","cardNumber":"5367894523129089","expirationDate":"08\/25"}
"John Doe"
"5367894523129089"
"08/25"
John Doe 16 ------- 5367894523129089 08/25
{"cardHolderName":"Jill Davis","cardNumber":"6011*890HJrt6789","expirationDate":"05\/25"}
"Jill Davis"
"6011*890HJrt6789"
"05/25"
Jill Davis 16 ------- 6011*890HJrt6789 05/25
{"cardHolderName":"John Doe","expirationDate":"08\/26"}
"John Doe"
"08/26"
]]></system-out>
  </testcase>
</testsuite>